  main.cpp
d:\adrià ferrer\desktop\personal\sdl_spaceinvaders\sdl_spaceinvaders\main.cpp(56): warning C4244: '=': conversión de 'int' a 'float'; posible pérdida de datos
d:\adrià ferrer\desktop\personal\sdl_spaceinvaders\sdl_spaceinvaders\main.cpp(103): warning C4305: '-=': truncamiento de 'double' a 'float'
d:\adrià ferrer\desktop\personal\sdl_spaceinvaders\sdl_spaceinvaders\main.cpp(104): warning C4244: '=': conversión de 'float' a 'int'; posible pérdida de datos
d:\adrià ferrer\desktop\personal\sdl_spaceinvaders\sdl_spaceinvaders\main.cpp(108): warning C4305: '+=': truncamiento de 'double' a 'float'
d:\adrià ferrer\desktop\personal\sdl_spaceinvaders\sdl_spaceinvaders\main.cpp(109): warning C4244: '=': conversión de 'float' a 'int'; posible pérdida de datos
d:\adrià ferrer\desktop\personal\sdl_spaceinvaders\sdl_spaceinvaders\main.cpp(113): warning C4305: '-=': truncamiento de 'double' a 'float'
d:\adrià ferrer\desktop\personal\sdl_spaceinvaders\sdl_spaceinvaders\main.cpp(114): warning C4244: '=': conversión de 'float' a 'int'; posible pérdida de datos
d:\adrià ferrer\desktop\personal\sdl_spaceinvaders\sdl_spaceinvaders\main.cpp(118): warning C4305: '+=': truncamiento de 'double' a 'float'
d:\adrià ferrer\desktop\personal\sdl_spaceinvaders\sdl_spaceinvaders\main.cpp(119): warning C4244: '=': conversión de 'float' a 'int'; posible pérdida de datos
d:\adrià ferrer\desktop\personal\sdl_spaceinvaders\sdl_spaceinvaders\main.cpp(129): warning C4305: '+=': truncamiento de 'double' a 'float'
d:\adrià ferrer\desktop\personal\sdl_spaceinvaders\sdl_spaceinvaders\main.cpp(130): warning C4244: '=': conversión de 'float' a 'int'; posible pérdida de datos
d:\adrià ferrer\desktop\personal\sdl_spaceinvaders\sdl_spaceinvaders\main.cpp(142): warning C4305: '+=': truncamiento de 'double' a 'float'
d:\adrià ferrer\desktop\personal\sdl_spaceinvaders\sdl_spaceinvaders\main.cpp(164): warning C4244: '=': conversión de 'int' a 'float'; posible pérdida de datos
d:\adrià ferrer\desktop\personal\sdl_spaceinvaders\sdl_spaceinvaders\main.cpp(176): warning C4305: '-=': truncamiento de 'double' a 'float'
d:\adrià ferrer\desktop\personal\sdl_spaceinvaders\sdl_spaceinvaders\main.cpp(177): warning C4244: '=': conversión de 'float' a 'int'; posible pérdida de datos
d:\adrià ferrer\desktop\personal\sdl_spaceinvaders\sdl_spaceinvaders\main.cpp(236): warning C4244: '/=': conversión de 'double' a 'int'; posible pérdida de datos
d:\adrià ferrer\desktop\personal\sdl_spaceinvaders\sdl_spaceinvaders\main.cpp(250): warning C4244: '/=': conversión de 'double' a 'int'; posible pérdida de datos
d:\adrià ferrer\desktop\personal\sdl_spaceinvaders\sdl_spaceinvaders\main.cpp(252): warning C4244: '-=': conversión de 'double' a 'int'; posible pérdida de datos
d:\adrià ferrer\desktop\personal\sdl_spaceinvaders\sdl_spaceinvaders\main.cpp(281): warning C4305: '-=': truncamiento de 'double' a 'float'
d:\adrià ferrer\desktop\personal\sdl_spaceinvaders\sdl_spaceinvaders\main.cpp(282): warning C4244: '=': conversión de 'float' a 'int'; posible pérdida de datos
d:\adrià ferrer\desktop\personal\sdl_spaceinvaders\sdl_spaceinvaders\main.cpp(294): warning C4244: 'argumento': conversión de 'time_t' a 'unsigned int'; posible pérdida de datos
d:\adrià ferrer\desktop\personal\sdl_spaceinvaders\sdl_spaceinvaders\main.cpp(331): warning C4244: '=': conversión de 'int' a 'float'; posible pérdida de datos
d:\adrià ferrer\desktop\personal\sdl_spaceinvaders\sdl_spaceinvaders\main.cpp(344): warning C4244: '=': conversión de 'int' a 'float'; posible pérdida de datos
d:\adrià ferrer\desktop\personal\sdl_spaceinvaders\sdl_spaceinvaders\main.cpp(345): warning C4244: '=': conversión de 'int' a 'float'; posible pérdida de datos
  SDL_SpaceInvaders.vcxproj -> D:\Adrià Ferrer\Desktop\Personal\SDL_SpaceInvaders\Debug\SDL_SpaceInvaders.exe
  SDL_SpaceInvaders.vcxproj -> D:\Adrià Ferrer\Desktop\Personal\SDL_SpaceInvaders\Debug\SDL_SpaceInvaders.pdb (Partial PDB)
